Arguments: 
  /usr/local/bin/node /usr/local/bin/yarn

PATH: 
  /opt/homebrew/bin:/opt/homebrew/sbin:/usr/local/bin:/usr/bin:/bin:/usr/sbin:/sbin

Yarn version: 
  1.22.18

Node version: 
  16.15.0

Platform: 
  darwin arm64

Trace: 
  Error: self signed certificate in certificate chain
      at TLSSocket.onConnectSecure (node:_tls_wrap:1532:34)
      at TLSSocket.emit (node:events:527:28)
      at TLSSocket._finishInit (node:_tls_wrap:946:8)
      at TLSWrap.ssl.onhandshakedone (node:_tls_wrap:727:12)

npm manifest: 
  {
    "repository": "jad-three-experiments",
    "scripts": {
      "build": "webpack --config ./bundler/webpack.prod.js --env waka",
      "dev": "webpack serve --config ./bundler/webpack.dev.js"
    },
    "dependencies": {
      "@babel/core": "^7.13.1",
      "@babel/preset-env": "^7.13.5",
      "babel-loader": "^8.2.2",
      "clean-webpack-plugin": "^3.0.0",
      "copy-webpack-plugin": "^7.0.0",
      "css-loader": "^5.1.0",
      "dat.gui": "^0.7.7",
      "eventing-bus": "^2.0.1",
      "file-loader": "^6.2.0",
      "gsap": "^3.6.1",
      "html-loader": "^2.1.1",
      "html-webpack-plugin": "^5.2.0",
      "is-mobile": "^3.1.1",
      "mini-css-extract-plugin": "^1.3.9",
      "portfinder-sync": "0.0.2",
      "raw-loader": "^4.0.2",
      "sass": "^1.35.1",
      "sass-loader": "^12.1.0",
      "spectorjs": "^0.9.22",
      "stats": "^1.0.0",
      "stats-js": "^1.0.1",
      "style-loader": "^2.0.0",
      "three": "^0.126.0",
      "webpack": "^5.24.2",
      "webpack-cli": "^4.5.0",
      "webpack-dev-server": "^3.11.2",
      "webpack-merge": "^5.7.3",
      "zingtouch": "^1.0.6"
    }
  }

yarn manifest: 
  No manifest

Lockfile: 
  No lockfile
